<?xml version="1.0" encoding="UTF-8"?>
<!-- Generated by org.testng.reporters.JUnitReportReporter -->
<testsuite skipped="1" hostname="DESKTOP-PLKSCN4" name="test.ng.org.Ngclass02" tests="1" failures="0" timestamp="02 Oct 2022 18:26:32 GMT" time="0.000" errors="0">
  <testcase name="test4" time="0.000" classname="test.ng.org.Ngclass02">
    <skipped/>
  </testcase> <!-- test4 -->
</testsuite> <!-- test.ng.org.Ngclass02 -->
