<?xml version="1.0" encoding="UTF-8"?>
<!-- Generated by org.testng.reporters.JUnitReportReporter -->
<testsuite skipped="0" hostname="DESKTOP-PLKSCN4" name="test.ng.org.facebook" tests="1" failures="0" timestamp="02 Oct 2022 06:32:29 GMT" time="158.336" errors="0">
  <testcase name="testFacebook" time="158.336" classname="test.ng.org.facebook"/>
</testsuite> <!-- test.ng.org.facebook -->
