<?xml version="1.0" encoding="UTF-8"?>
<!-- Generated by org.testng.reporters.JUnitReportReporter -->
<testsuite skipped="0" hostname="DESKTOP-PLKSCN4" name="test.ng.org.NgClass03" tests="1" failures="0" timestamp="02 Oct 2022 06:32:29 GMT" time="49.713" errors="0">
  <testcase name="test2" time="49.713" classname="test.ng.org.NgClass03"/>
</testsuite> <!-- test.ng.org.NgClass03 -->
